[0mGET / [36m304 [0m1.523 ms - -[0m
[0mGET /ember-cli-live-reload.js [32m200 [0m2.614 ms - 313[0m
[0mGET /styles/style.css [36m304 [0m1.436 ms - -[0m
[0mGET /vendor/es6-shim/es6-shim.js [36m304 [0m2.710 ms - -[0m
[0mGET /vendor/reflect-metadata/Reflect.js [36m304 [0m2.406 ms - -[0m
[0mGET /vendor/systemjs/dist/system.src.js [36m304 [0m2.052 ms - -[0m
[0mGET /vendor/zone.js/dist/zone.js [36m304 [0m1.263 ms - -[0m
[0mGET /system-config.js [36m304 [0m0.322 ms - -[0m
[0mGET /main.js [36m304 [0m0.330 ms - -[0m
[0mGET /vendor/@angular/platform-browser-dynamic/index.js [36m304 [0m0.436 ms - -[0m
[0mGET /vendor/@angular/core/index.js [36m304 [0m0.265 ms - -[0m
[0mGET /app/index.js [36m304 [0m0.307 ms - -[0m
[0mGET /vendor/@angular/platform-browser-dynamic/platform_browser_dynamic.js [36m304 [0m0.334 ms - -[0m
[0mGET /vendor/@angular/core/src/metadata.js [36m304 [0m0.317 ms - -[0m
[0mGET /vendor/@angular/core/src/util.js [36m304 [0m0.414 ms - -[0m
[0mGET /vendor/@angular/core/src/di.js [36m304 [0m0.408 ms - -[0m
[0mGET /vendor/@angular/core/src/application_ref.js [36m304 [0m0.537 ms - -[0m
[0mGET /vendor/@angular/core/src/application_tokens.js [36m304 [0m1.207 ms - -[0m
[0mGET /vendor/@angular/core/src/zone.js [36m304 [0m0.347 ms - -[0m
[0mGET /vendor/@angular/core/src/render.js [36m304 [0m0.290 ms - -[0m
[0mGET /vendor/@angular/core/src/linker.js [36m304 [0m0.525 ms - -[0m
[0mGET /vendor/@angular/core/src/debug/debug_node.js [36m304 [0m0.657 ms - -[0m
[0mGET /vendor/@angular/core/src/testability/testability.js [36m304 [0m0.676 ms - -[0m
[0mGET /vendor/@angular/core/src/change_detection.js [36m304 [0m0.648 ms - -[0m
[0mGET /vendor/@angular/core/src/platform_directives_and_pipes.js [36m304 [0m0.400 ms - -[0m
[0mGET /vendor/@angular/core/src/platform_common_providers.js [36m304 [0m0.623 ms - -[0m
[0mGET /vendor/@angular/core/src/application_common_providers.js [36m304 [0m0.623 ms - -[0m
[0mGET /vendor/@angular/core/src/reflection/reflection.js [36m304 [0m0.485 ms - -[0m
[0mGET /vendor/@angular/core/src/profile/profile.js [36m304 [0m0.454 ms - -[0m
[0mGET /vendor/@angular/core/src/facade/lang.js [36m304 [0m0.255 ms - -[0m
[0mGET /vendor/@angular/core/src/facade/async.js [36m304 [0m0.519 ms - -[0m
[0mGET /vendor/@angular/core/src/facade/exceptions.js [36m304 [0m1.812 ms - -[0m
[0mGET /vendor/@angular/core/private_export.js [36m304 [0m1.661 ms - -[0m
[0mGET /app/environment.js [36m304 [0m2.289 ms - -[0m
[0mGET /app/gymsystems.component.js [36m304 [0m1.513 ms - -[0m
[0mGET /vendor/@angular/compiler/index.js [36m304 [0m1.456 ms - -[0m
[0mGET /vendor/@angular/platform-browser-dynamic/src/xhr/xhr_cache.js [36m304 [0m1.710 ms - -[0m
[0mGET /vendor/@angular/platform-browser-dynamic/src/facade/lang.js [36m304 [0m1.061 ms - -[0m
[0mGET /vendor/@angular/platform-browser-dynamic/src/xhr/xhr_impl.js [36m304 [0m0.669 ms - -[0m
[0mGET /vendor/@angular/platform-browser/index.js [36m304 [0m0.400 ms - -[0m
[0mGET /vendor/@angular/platform-browser-dynamic/core_private.js [36m304 [0m0.300 ms - -[0m
[0mGET /vendor/@angular/core/src/metadata/di.js [36m304 [0m0.523 ms - -[0m
[0mGET /vendor/@angular/core/src/metadata/directives.js [36m304 [0m0.751 ms - -[0m
[0mGET /vendor/@angular/core/src/metadata/view.js [36m304 [0m0.782 ms - -[0m
[0mGET /vendor/@angular/core/src/util/decorators.js [36m304 [0m0.247 ms - -[0m
[0mGET /vendor/@angular/core/src/di/metadata.js [36m304 [0m0.526 ms - -[0m
[0mGET /vendor/@angular/core/src/di/decorators.js [36m304 [0m0.553 ms - -[0m
[0mGET /vendor/@angular/core/src/di/forward_ref.js [36m304 [0m0.416 ms - -[0m
[0mGET /vendor/@angular/core/src/di/injector.js [36m304 [0m0.338 ms - -[0m
[0mGET /vendor/@angular/core/src/di/reflective_injector.js [36m304 [0m0.255 ms - -[0m
[0mGET /vendor/@angular/core/src/di/provider.js [36m304 [0m0.363 ms - -[0m
[0mGET /vendor/@angular/core/src/di/reflective_provider.js [36m304 [0m1.499 ms - -[0m
[0mGET /vendor/@angular/core/src/di/reflective_key.js [36m304 [0m0.999 ms - -[0m
[0mGET /vendor/@angular/core/src/di/reflective_exceptions.js [36m304 [0m0.953 ms - -[0m
[0mGET /vendor/@angular/core/src/di/opaque_token.js [36m304 [0m1.386 ms - -[0m
[0mGET /vendor/@angular/core/src/zone/ng_zone.js [36m304 [0m0.457 ms - -[0m
[0mGET /vendor/@angular/core/src/facade/collection.js [36m304 [0m0.490 ms - -[0m
[0mGET /vendor/@angular/core/src/render/api.js [36m304 [0m0.381 ms - -[0m
[0mGET /vendor/@angular/core/src/linker/component_resolver.js [36m304 [0m1.057 ms - -[0m
[0mGET /vendor/@angular/core/src/console.js [36m304 [0m1.084 ms - -[0m
[0mGET /vendor/@angular/core/src/linker/query_list.js [36m304 [0m1.032 ms - -[0m
[0mGET /vendor/@angular/core/src/linker/dynamic_component_loader.js [36m304 [0m0.498 ms - -[0m
[0mGET /vendor/@angular/core/src/linker/element_ref.js [36m304 [0m0.278 ms - -[0m
[0mGET /vendor/@angular/core/src/linker/template_ref.js [36m304 [0m1.391 ms - -[0m
[0mGET /vendor/@angular/core/src/linker/view_ref.js [36m304 [0m1.325 ms - -[0m
[0mGET /vendor/@angular/core/src/linker/view_container_ref.js [36m304 [0m1.270 ms - -[0m
[0mGET /vendor/@angular/core/src/linker/component_factory.js [36m304 [0m0.512 ms - -[0m
[0mGET /vendor/@angular/core/src/linker/exceptions.js [36m304 [0m0.317 ms - -[0m
[0mGET /vendor/@angular/core/src/change_detection/change_detection.js [36m304 [0m0.325 ms - -[0m
[0mGET /vendor/@angular/core/src/reflection/reflector_reader.js [36m304 [0m0.225 ms - -[0m
[0mGET /vendor/@angular/core/src/linker/view_utils.js [36m304 [0m0.375 ms - -[0m
[0mGET /vendor/@angular/core/src/reflection/reflector.js [36m304 [0m0.537 ms - -[0m
[0mGET /vendor/@angular/core/src/reflection/reflection_capabilities.js [36m304 [0m14.500 ms - -[0m
[0mGET /vendor/@angular/core/src/profile/wtf_impl.js [36m304 [0m0.733 ms - -[0m
[0mGET /vendor/@angular/core/src/facade/promise.js [36m304 [0m0.471 ms - -[0m
[0mGET /vendor/rxjs/Subject.js [36m304 [0m0.597 ms - -[0m
[0mGET /vendor/rxjs/observable/PromiseObservable.js [36m304 [0m0.619 ms - -[0m
[0mGET /vendor/rxjs/operator/toPromise.js [36m304 [0m0.546 ms - -[0m
[0mGET /vendor/rxjs/Observable.js [36m304 [0m0.986 ms - -[0m
[0mGET /vendor/@angular/core/src/facade/base_wrapped_exception.js [36m304 [0m0.631 ms - -[0m
[0mGET /vendor/@angular/core/src/facade/exception_handler.js [36m304 [0m0.582 ms - -[0m
[0mGET /vendor/@angular/core/src/change_detection/constants.js [36m304 [0m0.642 ms - -[0m
[0mGET /vendor/@angular/core/src/security.js [36m304 [0m0.547 ms - -[0m
[0mGET /vendor/@angular/core/src/metadata/lifecycle_hooks.js [36m304 [0m1.300 ms - -[0m
[0mGET /vendor/@angular/core/src/linker/view_type.js [36m304 [0m1.300 ms - -[0m
[0mGET /vendor/@angular/core/src/linker/element.js [36m304 [0m1.226 ms - -[0m
[0mGET /vendor/@angular/core/src/linker/view.js [36m304 [0m1.752 ms - -[0m
[0mGET /vendor/@angular/core/src/linker/debug_context.js [36m304 [0m1.933 ms - -[0m
[0mGET /vendor/@angular/core/src/change_detection/change_detection_util.js [36m304 [0m1.570 ms - -[0m
[0mGET /vendor/@angular/core/src/profile/wtf_init.js [36m304 [0m1.248 ms - -[0m
[0mGET /vendor/@angular/core/src/debug/debug_renderer.js [36m304 [0m2.881 ms - -[0m
[0mGET /vendor/@angular/core/src/di/provider_util.js [36m304 [0m2.087 ms - -[0m
[0mGET /vendor/@angular/router/index.js [36m304 [0m3.923 ms - -[0m
[0mGET /app/+login/index.js [36m304 [0m2.314 ms - -[0m
[0mGET /app/+home/index.js [36m304 [0m3.229 ms - -[0m
[0mGET /app/+display/index.js [36m304 [0m1.569 ms - -[0m
[0mGET /app/+configure/index.js [36m304 [0m1.378 ms - -[0m
[0mGET /app/+add-score/index.js [36m304 [0m1.697 ms - -[0m
[0mGET /app/+lists/index.js [36m304 [0m1.434 ms - -[0m
[0mGET /app/shared/index.js [36m304 [0m1.959 ms - -[0m
[0mGET /vendor/@angular/compiler/compiler.js [36m304 [0m1.502 ms - -[0m
[0mGET /vendor/@angular/platform-browser-dynamic/src/facade/exceptions.js [36m304 [0m1.368 ms - -[0m
[0mGET /vendor/@angular/platform-browser-dynamic/src/facade/promise.js [36m304 [0m1.322 ms - -[0m
[0mGET /vendor/@angular/platform-browser/src/platform_browser.js [36m304 [0m1.439 ms - -[0m
[0mGET /vendor/@angular/core/src/zone/ng_zone_impl.js [36m304 [0m0.316 ms - -[0m
[0mGET /vendor/@angular/core/src/change_detection/differs/iterable_differs.js [36m304 [0m0.604 ms - -[0m
[0mGET /vendor/@angular/core/src/change_detection/differs/default_iterable_differ.js [36m304 [0m0.560 ms - -[0m
[0mGET /vendor/@angular/core/src/change_detection/differs/keyvalue_differs.js [36m304 [0m0.261 ms - -[0m
[0mGET /vendor/@angular/core/src/change_detection/differs/default_keyvalue_differ.js [36m304 [0m0.415 ms - -[0m
[0mGET /vendor/@angular/core/src/change_detection/change_detector_ref.js [36m304 [0m0.321 ms - -[0m
[0mGET /vendor/rxjs/Subscriber.js [36m304 [0m0.351 ms - -[0m
[0mGET /vendor/rxjs/Subscription.js [36m304 [0m0.762 ms - -[0m
[0mGET /vendor/rxjs/SubjectSubscription.js [36m304 [0m0.705 ms - -[0m
[0mGET /vendor/rxjs/symbol/rxSubscriber.js [36m304 [0m1.570 ms - -[0m
[0mGET /vendor/rxjs/util/throwError.js [36m304 [0m1.059 ms - -[0m
[0mGET /vendor/rxjs/util/ObjectUnsubscribedError.js [36m304 [0m0.552 ms - -[0m
[0mGET /vendor/rxjs/util/root.js [36m304 [0m0.473 ms - -[0m
[0mGET /vendor/rxjs/symbol/observable.js [36m304 [0m0.228 ms - -[0m
[0mGET /vendor/rxjs/util/toSubscriber.js [36m304 [0m0.301 ms - -[0m
[0mGET /vendor/@angular/core/src/linker/element_injector.js [36m304 [0m0.398 ms - -[0m
[0mGET /vendor/@angular/router/src/router.js [36m304 [0m0.650 ms - -[0m
[0mGET /vendor/@angular/router/src/segments.js [36m304 [0m0.532 ms - -[0m
[0mGET /vendor/@angular/router/src/metadata/decorators.js [36m304 [0m0.311 ms - -[0m
[0mGET /vendor/@angular/router/src/metadata/metadata.js [36m304 [0m1.366 ms - -[0m
[0mGET /vendor/@angular/router/src/router_url_serializer.js [36m304 [0m1.525 ms - -[0m
[0mGET /vendor/@angular/router/src/router_providers.js [36m304 [0m1.480 ms - -[0m
[0mGET /vendor/@angular/router/src/directives/router_outlet.js [36m304 [0m0.578 ms - -[0m
[0mGET /vendor/@angular/router/src/directives/router_link.js [36m304 [0m11.089 ms - -[0m
[0mGET /app/+login/login.component.js [36m304 [0m10.565 ms - -[0m
[0mGET /app/+home/home.component.js [36m304 [0m10.004 ms - -[0m
[0mGET /app/+display/display.component.js [36m304 [0m8.813 ms - -[0m
[0mGET /app/+configure/configure.component.js [36m304 [0m3.667 ms - -[0m
[0mGET /app/+add-score/add-score.component.js [36m304 [0m3.935 ms - -[0m
[0mGET /app/+lists/lists.component.js [36m304 [0m0.595 ms - -[0m
[0mGET /app/shared/services/teams.service.js [36m304 [0m1.269 ms - -[0m
[0mGET /app/shared/services/discipline.service.js [36m304 [0m0.826 ms - -[0m
[0mGET /app/shared/fontawesome/fa.component.js [36m304 [0m1.291 ms - -[0m
[0mGET /app/shared/dialog/dialog.component.js [36m304 [0m0.487 ms - -[0m
[0mGET /app/shared/fontawesome/fa-stack.component.js [36m304 [0m0.294 ms - -[0m
[0mGET /vendor/@angular/compiler/src/schema/element_schema_registry.js [36m304 [0m0.399 ms - -[0m
[0mGET /vendor/@angular/compiler/src/compiler.js [36m304 [0m3.014 ms - -[0m
[0mGET /vendor/@angular/compiler/src/template_ast.js [36m304 [0m2.155 ms - -[0m
[0mGET /vendor/@angular/compiler/private_export.js [36m304 [0m1.348 ms - -[0m
[0mGET /vendor/@angular/platform-browser-dynamic/src/facade/base_wrapped_exception.js [36m304 [0m1.243 ms - -[0m
[0mGET /vendor/@angular/platform-browser-dynamic/src/facade/exception_handler.js [36m304 [0m0.969 ms - -[0m
[0mGET /vendor/@angular/platform-browser/src/facade/lang.js [36m304 [0m0.273 ms - -[0m
[0mGET /vendor/@angular/platform-browser/src/browser_common.js [36m304 [0m0.486 ms - -[0m
[0mGET /vendor/@angular/platform-browser/src/dom/events/dom_events.js [36m304 [0m0.610 ms - -[0m
[0mGET /vendor/@angular/platform-browser/src/dom/events/event_manager.js [36m304 [0m0.959 ms - -[0m
[0mGET /vendor/@angular/platform-browser/src/dom/debug/ng_probe.js [36m304 [0m0.411 ms - -[0m
[0mGET /vendor/@angular/platform-browser/private_export.js [36m304 [0m0.312 ms - -[0m
[0mGET /vendor/@angular/platform-browser/src/dom/dom_tokens.js [36m304 [0m0.232 ms - -[0m
[0mGET /vendor/@angular/platform-browser/src/security/dom_sanitization_service.js [36m304 [0m0.303 ms - -[0m
[0mGET /vendor/@angular/platform-browser/src/platform_browser_static.js [36m304 [0m0.345 ms - -[0m
[0mGET /vendor/rxjs/util/isFunction.js [36m304 [0m0.825 ms - -[0m
[0mGET /vendor/rxjs/Observer.js [36m304 [0m0.647 ms - -[0m
[0mGET /vendor/rxjs/util/isArray.js [36m304 [0m0.419 ms - -[0m
[0mGET /vendor/rxjs/util/isObject.js [36m304 [0m0.361 ms - -[0m
[0mGET /vendor/rxjs/util/tryCatch.js [36m304 [0m0.862 ms - -[0m
[0mGET /vendor/rxjs/util/errorObject.js [36m304 [0m0.652 ms - -[0m
[0mGET /vendor/rxjs/util/UnsubscriptionError.js [36m304 [0m0.325 ms - -[0m
[0mGET /vendor/@angular/router/src/facade/lang.js [36m304 [0m0.357 ms - -[0m
[0mGET /vendor/@angular/router/src/facade/collection.js [36m304 [0m0.365 ms - -[0m
[0mGET /vendor/@angular/router/src/facade/async.js [36m304 [0m0.477 ms - -[0m
[0mGET /vendor/@angular/router/src/recognize.js [36m304 [0m0.952 ms - -[0m
[0mGET /vendor/@angular/router/src/link.js [36m304 [0m1.311 ms - -[0m
[0mGET /vendor/@angular/router/src/lifecycle_reflector.js [36m304 [0m0.625 ms - -[0m
[0mGET /vendor/@angular/router/src/constants.js [36m304 [0m0.350 ms - -[0m
[0mGET /vendor/@angular/router/src/core_private.js [36m304 [0m0.682 ms - -[0m
[0mGET /vendor/@angular/router/src/router_providers_common.js [36m304 [0m1.061 ms - -[0m
[0mGET /vendor/@angular/common/index.js [36m304 [0m0.622 ms - -[0m
[0mGET /app/+configure/+divisions/index.js [36m304 [0m0.767 ms - -[0m
[0mGET /app/+configure/+score/index.js [36m304 [0m1.799 ms - -[0m
[0mGET /app/+configure/+tournament/index.js [36m304 [0m0.665 ms - -[0m
[0mGET /app/+configure/+teams/index.js [36m304 [0m0.274 ms - -[0m
[0mGET /app/+configure/+display/index.js [36m304 [0m0.863 ms - -[0m
[0mGET /app/+configure/+advanced/index.js [36m304 [0m0.579 ms - -[0m
[0mGET /app/+add-score/scoreboard/index.js [36m304 [0m0.761 ms - -[0m
[0mGET /app/+add-score/setup.service.js [36m304 [0m0.599 ms - -[0m
[0mGET /app/+lists/+start/index.js [36m304 [0m0.368 ms - -[0m
[0mGET /app/+lists/+results/index.js [36m304 [0m0.507 ms - -[0m
[0mGET /vendor/@angular/compiler/src/facade/lang.js [36m304 [0m0.591 ms - -[0m
[0mGET /vendor/@angular/compiler/src/template_parser.js [36m304 [0m0.478 ms - -[0m
[0mGET /vendor/@angular/compiler/src/config.js [36m304 [0m0.289 ms - -[0m
[0mGET /vendor/@angular/compiler/src/compile_metadata.js [36m304 [0m0.419 ms - -[0m
[0mGET /vendor/@angular/compiler/src/offline_compiler.js [36m304 [0m0.439 ms - -[0m
[0mGET /vendor/@angular/compiler/src/runtime_compiler.js [36m304 [0m0.897 ms - -[0m
[0mGET /vendor/@angular/compiler/src/url_resolver.js [36m304 [0m1.032 ms - -[0m
[0mGET /vendor/@angular/compiler/src/xhr.js [36m304 [0m0.992 ms - -[0m
[0mGET /vendor/@angular/compiler/src/view_resolver.js [36m304 [0m1.017 ms - -[0m
[0mGET /vendor/@angular/compiler/src/directive_resolver.js [36m304 [0m0.356 ms - -[0m
[0mGET /vendor/@angular/compiler/src/pipe_resolver.js [36m304 [0m0.221 ms - -[0m
[0mGET /vendor/@angular/compiler/src/html_parser.js [36m304 [0m1.063 ms - -[0m
[0mGET /vendor/@angular/compiler/src/directive_normalizer.js [36m304 [0m1.054 ms - -[0m
[0mGET /vendor/@angular/compiler/src/metadata_resolver.js [36m304 [0m1.067 ms - -[0m
[0mGET /vendor/@angular/compiler/src/style_compiler.js [36m304 [0m1.763 ms - -[0m
[0mGET /vendor/@angular/compiler/src/view_compiler/view_compiler.js [36m304 [0m0.937 ms - -[0m
[0mGET /vendor/@angular/compiler/src/schema/dom_element_schema_registry.js [36m304 [0m1.189 ms - -[0m
[0mGET /vendor/@angular/compiler/src/expression_parser/parser.js [36m304 [0m0.989 ms - -[0m
[0mGET /vendor/@angular/compiler/src/expression_parser/lexer.js [36m304 [0m1.079 ms - -[0m
[0mGET /vendor/@angular/compiler/src/selector.js [36m304 [0m0.453 ms - -[0m
[0mGET /vendor/@angular/compiler/src/output/path_util.js [36m304 [0m0.307 ms - -[0m
[0mGET /vendor/@angular/platform-browser-dynamic/src/facade/collection.js [36m304 [0m0.536 ms - -[0m
[0mGET /vendor/@angular/platform-browser/core_private.js [36m304 [0m0.289 ms - -[0m
[0mGET /vendor/@angular/platform-browser/src/browser/browser_adapter.js [36m304 [0m0.341 ms - -[0m
[0mGET /vendor/@angular/platform-browser/src/browser/testability.js [36m304 [0m0.296 ms - -[0m
[0mGET /vendor/@angular/platform-browser/src/dom/dom_adapter.js [36m304 [0m0.259 ms - -[0m
[0mGET /vendor/@angular/platform-browser/src/dom/dom_renderer.js [36m304 [0m0.377 ms - -[0m
[0mGET /vendor/@angular/platform-browser/src/dom/shared_styles_host.js [36m304 [0m0.348 ms - -[0m
[0mGET /vendor/@angular/platform-browser/src/dom/events/key_events.js [36m304 [0m0.303 ms - -[0m
[0mGET /vendor/@angular/platform-browser/src/dom/events/hammer_gestures.js [36m304 [0m0.254 ms - -[0m
[0mGET /vendor/@angular/platform-browser/src/animate/animation_builder.js [36m304 [0m0.220 ms - -[0m
[0mGET /vendor/@angular/platform-browser/src/animate/browser_details.js [36m304 [0m0.557 ms - -[0m
[0mGET /vendor/@angular/platform-browser/src/browser/title.js [36m304 [0m0.280 ms - -[0m
[0mGET /vendor/@angular/platform-browser/src/browser/tools/tools.js [36m304 [0m0.392 ms - -[0m
[0mGET /vendor/@angular/platform-browser/src/dom/debug/by.js [36m304 [0m0.740 ms - -[0m
[0mGET /vendor/@angular/platform-browser/src/facade/exceptions.js [36m304 [0m0.967 ms - -[0m
[0mGET /vendor/@angular/platform-browser/src/facade/collection.js [36m304 [0m0.600 ms - -[0m
[0mGET /vendor/@angular/platform-browser/src/animate/css_animation_builder.js [36m304 [0m0.352 ms - -[0m
[0mGET /vendor/@angular/platform-browser/src/animate/css_animation_options.js [36m304 [0m0.279 ms - -[0m
[0mGET /vendor/@angular/platform-browser/src/animate/animation.js [36m304 [0m0.448 ms - -[0m
[0mGET /vendor/@angular/platform-browser/src/security/url_sanitizer.js [36m304 [0m0.826 ms - -[0m
[0mGET /vendor/@angular/platform-browser/src/security/style_sanitizer.js [36m304 [0m0.755 ms - -[0m
[0mGET /vendor/@angular/platform-browser/src/browser/location/browser_platform_location.js [36m304 [0m0.565 ms - -[0m
[0mGET /vendor/@angular/router/src/facade/promise.js [36m304 [0m0.375 ms - -[0m
[0mGET /vendor/@angular/router/src/facade/exceptions.js [36m304 [0m0.447 ms - -[0m
[0mGET /vendor/@angular/common/src/pipes.js [36m304 [0m1.308 ms - -[0m
[0mGET /vendor/@angular/common/src/directives.js [36m304 [0m1.059 ms - -[0m
[0mGET /vendor/@angular/common/src/forms.js [36m304 [0m3.268 ms - -[0m
[0mGET /vendor/@angular/common/src/common_directives.js [36m304 [0m3.249 ms - -[0m
[0mGET /vendor/@angular/common/src/location.js [36m304 [0m0.684 ms - -[0m
[0mGET /app/+configure/+divisions/divisions.component.js [36m304 [0m0.355 ms - -[0m
[0mGET /app/+configure/+score/score.component.js [36m304 [0m0.461 ms - -[0m
[0mGET /app/+configure/+tournament/tournament.component.js [36m304 [0m0.301 ms - -[0m
[0mGET /app/+configure/+teams/teams.component.js [36m304 [0m0.812 ms - -[0m
[0mGET /app/+configure/+display/display.component.js [36m304 [0m0.504 ms - -[0m
[0mGET /app/+configure/+advanced/advanced.component.js [36m304 [0m0.308 ms - -[0m
[0mGET /app/+add-score/scoreboard/scoreboard.component.js [36m304 [0m0.327 ms - -[0m
[0mGET /app/+add-score/scoreboard/score-group.component.js [36m304 [0m0.263 ms - -[0m
[0mGET /app/+add-score/scoreboard/score.component.js [36m304 [0m0.628 ms - -[0m
[0mGET /app/+lists/+start/start.component.js [36m304 [0m1.494 ms - -[0m
[0mGET /app/+lists/+results/results.component.js [36m304 [0m1.229 ms - -[0m
[0mGET /vendor/@angular/compiler/src/facade/exceptions.js [36m304 [0m0.460 ms - -[0m
[0mGET /vendor/@angular/compiler/src/identifiers.js [36m304 [0m0.308 ms - -[0m
[0mGET /vendor/@angular/compiler/core_private.js [36m304 [0m0.545 ms - -[0m
[0mGET /vendor/@angular/compiler/src/facade/collection.js [36m304 [0m0.452 ms - -[0m
[0mGET /vendor/@angular/compiler/src/util.js [36m304 [0m0.309 ms - -[0m
[0mGET /vendor/@angular/compiler/src/output/output_ast.js [36m304 [0m0.308 ms - -[0m
[0mGET /vendor/@angular/compiler/src/expression_parser/ast.js [36m304 [0m0.734 ms - -[0m
[0mGET /vendor/@angular/compiler/src/html_tags.js [36m304 [0m0.717 ms - -[0m
[0mGET /vendor/@angular/compiler/src/parse_util.js [36m304 [0m2.417 ms - -[0m
[0mGET /vendor/@angular/compiler/src/template_preparser.js [36m304 [0m2.344 ms - -[0m
[0mGET /vendor/@angular/compiler/src/style_url_resolver.js [36m304 [0m0.436 ms - -[0m
[0mGET /vendor/@angular/compiler/src/html_ast.js [36m304 [0m0.340 ms - -[0m
[0mGET /vendor/@angular/compiler/src/provider_parser.js [36m304 [0m0.516 ms - -[0m
[0mGET /vendor/@angular/compiler/src/facade/async.js [36m304 [0m0.348 ms - -[0m
[0mGET /vendor/@angular/compiler/src/output/output_jit.js [36m304 [0m0.276 ms - -[0m
[0mGET /vendor/@angular/compiler/src/output/output_interpreter.js [36m304 [0m0.312 ms - -[0m
[0mGET /vendor/@angular/compiler/src/output/interpretive_view.js [36m304 [0m0.266 ms - -[0m
[0mGET /vendor/@angular/compiler/src/html_lexer.js [36m304 [0m0.526 ms - -[0m
[0mGET /vendor/@angular/compiler/src/directive_lifecycle_reflector.js [36m304 [0m0.415 ms - -[0m
[0mGET /vendor/@angular/compiler/src/assertions.js [36m304 [0m0.360 ms - -[0m
[0mGET /vendor/@angular/compiler/src/shadow_css.js [36m304 [0m0.341 ms - -[0m
[0mGET /vendor/@angular/compiler/src/view_compiler/compile_element.js [36m304 [0m0.291 ms - -[0m
[0mGET /vendor/@angular/compiler/src/view_compiler/compile_view.js [36m304 [0m0.411 ms - -[0m
[0mGET /vendor/@angular/compiler/src/view_compiler/view_builder.js [36m304 [0m0.277 ms - -[0m
[0mGET /vendor/@angular/compiler/src/view_compiler/view_binder.js [36m304 [0m0.246 ms - -[0m
[0mGET /vendor/@angular/platform-browser/src/browser/generic_browser_adapter.js [36m304 [0m0.328 ms - -[0m
[0mGET /vendor/@angular/platform-browser/src/dom/util.js [36m304 [0m0.371 ms - -[0m
[0mGET /vendor/@angular/platform-browser/src/dom/events/hammer_common.js [36m304 [0m0.575 ms - -[0m
[0mGET /vendor/@angular/platform-browser/src/facade/math.js [36m304 [0m0.774 ms - -[0m
[0mGET /vendor/@angular/platform-browser/src/browser/tools/common_tools.js [36m304 [0m0.606 ms - -[0m
[0mGET /vendor/@angular/platform-browser/src/facade/base_wrapped_exception.js [36m304 [0m1.568 ms - -[0m
[0mGET /vendor/@angular/platform-browser/src/facade/exception_handler.js [36m304 [0m0.363 ms - -[0m
[0mGET /vendor/@angular/router/src/facade/base_wrapped_exception.js [36m304 [0m0.432 ms - -[0m
[0mGET /vendor/@angular/router/src/facade/exception_handler.js [36m304 [0m0.392 ms - -[0m
[0mGET /vendor/@angular/common/src/pipes/async_pipe.js [36m304 [0m0.594 ms - -[0m
[0mGET /vendor/@angular/common/src/pipes/date_pipe.js [36m304 [0m0.573 ms - -[0m
[0mGET /vendor/@angular/common/src/pipes/json_pipe.js [36m304 [0m0.442 ms - -[0m
[0mGET /vendor/@angular/common/src/pipes/slice_pipe.js [36m304 [0m5.831 ms - -[0m
[0mGET /vendor/@angular/common/src/pipes/lowercase_pipe.js [36m304 [0m3.317 ms - -[0m
[0mGET /vendor/@angular/common/src/pipes/number_pipe.js [36m304 [0m3.088 ms - -[0m
[0mGET /vendor/@angular/common/src/pipes/uppercase_pipe.js [36m304 [0m2.607 ms - -[0m
[0mGET /vendor/@angular/common/src/pipes/replace_pipe.js [36m304 [0m1.773 ms - -[0m
[0mGET /vendor/@angular/common/src/pipes/i18n_plural_pipe.js [36m304 [0m1.852 ms - -[0m
[0mGET /vendor/@angular/common/src/pipes/i18n_select_pipe.js [36m304 [0m0.365 ms - -[0m
[0mGET /vendor/@angular/common/src/pipes/common_pipes.js [36m304 [0m0.339 ms - -[0m
[0mGET /vendor/@angular/common/src/directives/ng_class.js [36m304 [0m0.964 ms - -[0m
[0mGET /vendor/@angular/common/src/directives/ng_for.js [36m304 [0m1.019 ms - -[0m
[0mGET /vendor/@angular/common/src/directives/ng_if.js [36m304 [0m0.990 ms - -[0m
[0mGET /vendor/@angular/common/src/directives/ng_template_outlet.js [36m304 [0m0.963 ms - -[0m
[0mGET /vendor/@angular/common/src/directives/ng_style.js [36m304 [0m1.022 ms - -[0m
[0mGET /vendor/@angular/common/src/directives/ng_switch.js [36m304 [0m1.384 ms - -[0m
[0mGET /vendor/@angular/common/src/directives/ng_plural.js [36m304 [0m3.195 ms - -[0m
[0mGET /vendor/@angular/common/src/directives/observable_list_diff.js [36m304 [0m1.184 ms - -[0m
[0mGET /vendor/@angular/common/src/directives/core_directives.js [36m304 [0m0.801 ms - -[0m
[0mGET /vendor/@angular/common/src/forms/model.js [36m304 [0m0.314 ms - -[0m
[0mGET /vendor/@angular/common/src/forms/directives/abstract_control_directive.js [36m304 [0m0.594 ms - -[0m
[0mGET /vendor/@angular/common/src/forms/directives/control_container.js [36m304 [0m1.042 ms - -[0m
[0mGET /vendor/@angular/common/src/forms/directives/ng_control_name.js [36m304 [0m0.898 ms - -[0m
[0mGET /vendor/@angular/common/src/forms/directives/ng_form_control.js [36m304 [0m0.392 ms - -[0m
[0mGET /vendor/@angular/common/src/forms/directives/ng_model.js [36m304 [0m0.246 ms - -[0m
[0mGET /vendor/@angular/common/src/forms/directives/ng_control.js [36m304 [0m0.501 ms - -[0m
[0mGET /vendor/@angular/common/src/forms/directives/ng_control_group.js [36m304 [0m0.551 ms - -[0m
[0mGET /vendor/@angular/common/src/forms/directives/ng_form_model.js [36m304 [0m0.575 ms - -[0m
[0mGET /vendor/@angular/common/src/forms/directives/ng_form.js [36m304 [0m0.790 ms - -[0m
[0mGET /vendor/@angular/common/src/forms/directives/control_value_accessor.js [36m304 [0m1.113 ms - -[0m
[0mGET /vendor/@angular/common/src/forms/directives/default_value_accessor.js [36m304 [0m0.664 ms - -[0m
[0mGET /vendor/@angular/common/src/forms/directives/ng_control_status.js [36m304 [0m1.002 ms - -[0m
[0mGET /vendor/@angular/common/src/forms/directives/checkbox_value_accessor.js [36m304 [0m0.926 ms - -[0m
[0mGET /vendor/@angular/common/src/forms/directives/select_control_value_accessor.js [36m304 [0m0.374 ms - -[0m
[0mGET /vendor/@angular/common/src/forms/directives.js [36m304 [0m0.371 ms - -[0m
[0mGET /vendor/@angular/common/src/forms/validators.js [36m304 [0m0.596 ms - -[0m
[0mGET /vendor/@angular/common/src/forms/directives/validators.js [36m304 [0m0.321 ms - -[0m
[0mGET /vendor/@angular/common/src/forms/form_builder.js [36m304 [0m2.624 ms - -[0m
[0mGET /vendor/@angular/common/src/forms/directives/radio_control_value_accessor.js [36m304 [0m2.368 ms - -[0m
[0mGET /vendor/@angular/common/src/location/platform_location.js [36m304 [0m0.624 ms - -[0m
[0mGET /vendor/@angular/common/src/location/location_strategy.js [36m304 [0m0.743 ms - -[0m
[0mGET /vendor/@angular/common/src/location/hash_location_strategy.js [36m304 [0m0.272 ms - -[0m
[0mGET /vendor/@angular/common/src/location/path_location_strategy.js [36m304 [0m0.455 ms - -[0m
[0mGET /vendor/@angular/common/src/location/location.js [36m304 [0m0.336 ms - -[0m
[0mGET /app/+configure/+display/macro-dialog/index.js [36m304 [0m0.289 ms - -[0m
[0mGET /vendor/@angular/compiler/src/facade/base_wrapped_exception.js [36m304 [0m0.623 ms - -[0m
[0mGET /vendor/@angular/compiler/src/facade/exception_handler.js [36m304 [0m0.356 ms - -[0m
[0mGET /vendor/@angular/compiler/src/facade/promise.js [36m304 [0m1.375 ms - -[0m
[0mGET /vendor/@angular/compiler/src/output/abstract_emitter.js [36m304 [0m1.242 ms - -[0m
[0mGET /vendor/@angular/compiler/src/output/abstract_js_emitter.js [36m304 [0m1.557 ms - -[0m
[0mGET /vendor/@angular/compiler/src/output/dart_emitter.js [36m304 [0m0.740 ms - -[0m
[0mGET /vendor/@angular/compiler/src/output/ts_emitter.js [36m304 [0m0.364 ms - -[0m
[0mGET /vendor/@angular/compiler/src/view_compiler/constants.js [36m304 [0m0.684 ms - -[0m
[0mGET /vendor/@angular/compiler/src/view_compiler/util.js [36m304 [0m1.599 ms - -[0m
[0mGET /vendor/@angular/compiler/src/view_compiler/compile_query.js [36m304 [0m1.071 ms - -[0m
[0mGET /vendor/@angular/compiler/src/view_compiler/compile_method.js [36m304 [0m0.996 ms - -[0m
[0mGET /vendor/@angular/compiler/src/view_compiler/compile_pipe.js [36m304 [0m0.264 ms - -[0m
[0mGET /vendor/@angular/compiler/src/view_compiler/property_binder.js [36m304 [0m0.431 ms - -[0m
[0mGET /vendor/@angular/compiler/src/view_compiler/event_binder.js [36m304 [0m0.358 ms - -[0m
[0mGET /vendor/@angular/compiler/src/view_compiler/lifecycle_binder.js [36m304 [0m0.333 ms - -[0m
[0mGET /vendor/@angular/platform-browser/src/facade/browser.js [36m304 [0m0.506 ms - -[0m
[0mGET /vendor/@angular/common/src/facade/lang.js [36m304 [0m0.617 ms - -[0m
[0mGET /vendor/@angular/common/src/facade/async.js [36m304 [0m0.901 ms - -[0m
[0mGET /vendor/@angular/common/src/pipes/invalid_pipe_argument_exception.js [36m304 [0m0.442 ms - -[0m
[0mGET /vendor/@angular/common/src/facade/intl.js [36m304 [0m0.497 ms - -[0m
[0mGET /vendor/@angular/common/src/facade/collection.js [36m304 [0m0.620 ms - -[0m
[0mGET /vendor/@angular/common/src/facade/exceptions.js [36m304 [0m0.320 ms - -[0m
[0mGET /vendor/@angular/common/src/facade/promise.js [36m304 [0m0.400 ms - -[0m
[0mGET /vendor/@angular/common/src/forms/directives/shared.js [36m304 [0m0.261 ms - -[0m
[0mGET /vendor/@angular/common/src/forms/directives/number_value_accessor.js [36m304 [0m0.313 ms - -[0m
[0mGET /app/+configure/+display/macro-dialog/macro-dialog.component.js [36m304 [0m0.559 ms - -[0m
[0mGET /vendor/@angular/compiler/src/view_compiler/expression_converter.js [36m304 [0m0.400 ms - -[0m
[0mGET /vendor/@angular/compiler/src/view_compiler/compile_binding.js [36m304 [0m0.414 ms - -[0m
[0mGET /vendor/@angular/common/src/facade/base_wrapped_exception.js [36m304 [0m0.362 ms - -[0m
[0mGET /vendor/@angular/common/src/facade/exception_handler.js [36m304 [0m0.284 ms - -[0m
[0mGET /vendor/@angular/common/src/forms/directives/normalize_validator.js [36m304 [0m0.443 ms - -[0m
[0mGET /app/gymsystems.component.html [36m304 [0m0.270 ms - -[0m
[0mGET /app/gymsystems.component.css [36m304 [0m0.414 ms - -[0m
[0mGET /app/shared/fontawesome/fontawesome.css [36m304 [0m0.295 ms - -[0m
[0mGET /images/NGTF_logo_farger.png [36m304 [0m1.088 ms - -[0m
[0mGET /images/HTF_Logo.png [36m304 [0m0.681 ms - -[0m
[0mGET /app/+home/home.component.html [36m304 [0m1.556 ms - -[0m
[0mGET /app/+home/home.component.css [36m304 [0m0.525 ms - -[0m
[0mGET /fonts/fontawesome-webfont.woff2?v=4.6.3 [36m304 [0m1.012 ms - -[0m
[0mGET / [32m200 [0m2.004 ms - -[0m
[0mGET /ember-cli-live-reload.js [32m200 [0m0.698 ms - 313[0m
[0mGET /styles/style.css [32m200 [0m1.001 ms - -[0m
[0mGET /vendor/reflect-metadata/Reflect.js [32m200 [0m2.189 ms - -[0m
[0mGET /vendor/zone.js/dist/zone.js [32m200 [0m1.877 ms - -[0m
[0mGET /vendor/es6-shim/es6-shim.js [32m200 [0m2.173 ms - -[0m
[0mGET /vendor/systemjs/dist/system.src.js [32m200 [0m1.917 ms - -[0m
[0mGET /system-config.js [32m200 [0m0.536 ms - -[0m
[0mGET /main.js [36m304 [0m0.329 ms - -[0m
[0mGET /favicon.ico [32m200 [0m0.467 ms - -[0m
[0mGET /vendor/@angular/platform-browser-dynamic/index.js [36m304 [0m3.572 ms - -[0m
[0mGET /vendor/@angular/core/index.js [36m304 [0m3.463 ms - -[0m
[0mGET /app/index.js [36m304 [0m3.165 ms - -[0m
[0mGET /vendor/@angular/platform-browser-dynamic/platform_browser_dynamic.js [36m304 [0m0.311 ms - -[0m
[0mGET /vendor/@angular/core/src/metadata.js [36m304 [0m0.488 ms - -[0m
[0mGET /vendor/@angular/core/src/util.js [36m304 [0m0.357 ms - -[0m
[0mGET /vendor/@angular/core/src/di.js [36m304 [0m0.369 ms - -[0m
[0mGET /vendor/@angular/core/src/application_ref.js [36m304 [0m0.244 ms - -[0m
[0mGET /vendor/@angular/core/src/application_tokens.js [36m304 [0m0.323 ms - -[0m
[0mGET /vendor/@angular/core/src/zone.js [36m304 [0m0.738 ms - -[0m
[0mGET /vendor/@angular/core/src/render.js [36m304 [0m0.943 ms - -[0m
[0mGET /vendor/@angular/core/src/linker.js [36m304 [0m0.683 ms - -[0m
[0mGET /vendor/@angular/core/src/debug/debug_node.js [36m304 [0m0.296 ms - -[0m
[0mGET /vendor/@angular/core/src/testability/testability.js [36m304 [0m0.245 ms - -[0m
[0mGET /vendor/@angular/core/src/change_detection.js [36m304 [0m0.253 ms - -[0m
[0mGET /vendor/@angular/core/src/platform_directives_and_pipes.js [36m304 [0m0.341 ms - -[0m
[0mGET /vendor/@angular/core/src/platform_common_providers.js [36m304 [0m0.461 ms - -[0m
[0mGET /vendor/@angular/core/src/application_common_providers.js [36m304 [0m0.347 ms - -[0m
[0mGET /vendor/@angular/core/src/reflection/reflection.js [36m304 [0m0.277 ms - -[0m
[0mGET /vendor/@angular/core/src/profile/profile.js [36m304 [0m0.219 ms - -[0m
[0mGET /vendor/@angular/core/src/facade/lang.js [36m304 [0m0.235 ms - -[0m
[0mGET /vendor/@angular/core/src/facade/async.js [36m304 [0m0.661 ms - -[0m
[0mGET /vendor/@angular/core/src/facade/exceptions.js [36m304 [0m0.833 ms - -[0m
[0mGET /vendor/@angular/core/private_export.js [36m304 [0m2.350 ms - -[0m
[0mGET /app/environment.js [36m304 [0m1.920 ms - -[0m
[0mGET /app/gymsystems.component.js [36m304 [0m1.870 ms - -[0m
[0mGET /vendor/@angular/compiler/index.js [36m304 [0m1.589 ms - -[0m
[0mGET /vendor/@angular/platform-browser-dynamic/src/xhr/xhr_cache.js [36m304 [0m1.515 ms - -[0m
[0mGET /vendor/@angular/platform-browser-dynamic/src/facade/lang.js [36m304 [0m0.358 ms - -[0m
[0mGET /vendor/@angular/platform-browser/index.js [36m304 [0m0.801 ms - -[0m
[0mGET /vendor/@angular/platform-browser-dynamic/src/xhr/xhr_impl.js [36m304 [0m0.766 ms - -[0m
[0mGET /vendor/@angular/platform-browser-dynamic/core_private.js [36m304 [0m0.272 ms - -[0m
[0mGET /vendor/@angular/core/src/metadata/di.js [36m304 [0m0.421 ms - -[0m
[0mGET /vendor/@angular/core/src/metadata/directives.js [36m304 [0m0.795 ms - -[0m
[0mGET /vendor/@angular/core/src/metadata/view.js [36m304 [0m0.568 ms - -[0m
[0mGET /vendor/@angular/core/src/util/decorators.js [36m304 [0m0.387 ms - -[0m
[0mGET /vendor/@angular/core/src/di/metadata.js [36m304 [0m0.316 ms - -[0m
[0mGET /vendor/@angular/core/src/di/decorators.js [36m304 [0m0.508 ms - -[0m
[0mGET /vendor/@angular/core/src/di/forward_ref.js [36m304 [0m1.119 ms - -[0m
[0mGET /vendor/@angular/core/src/di/injector.js [36m304 [0m0.859 ms - -[0m
[0mGET /vendor/@angular/core/src/di/reflective_injector.js [36m304 [0m1.488 ms - -[0m
[0mGET /vendor/@angular/core/src/di/provider.js [36m304 [0m0.811 ms - -[0m
[0mGET /vendor/@angular/core/src/di/reflective_provider.js [36m304 [0m0.777 ms - -[0m
[0mGET /vendor/@angular/core/src/di/reflective_key.js [36m304 [0m0.344 ms - -[0m
[0mGET /vendor/@angular/core/src/di/reflective_exceptions.js [36m304 [0m3.029 ms - -[0m
[0mGET /vendor/@angular/core/src/di/opaque_token.js [36m304 [0m0.820 ms - -[0m
[0mGET /vendor/@angular/core/src/zone/ng_zone.js [36m304 [0m0.360 ms - -[0m
[0mGET /vendor/@angular/core/src/facade/collection.js [36m304 [0m0.612 ms - -[0m
[0mGET /vendor/@angular/core/src/linker/component_resolver.js [36m304 [0m0.536 ms - -[0m
[0mGET /vendor/@angular/core/src/console.js [36m304 [0m0.271 ms - -[0m
[0mGET /vendor/@angular/core/src/render/api.js [36m304 [0m0.598 ms - -[0m
[0mGET /vendor/@angular/core/src/linker/query_list.js [36m304 [0m0.352 ms - -[0m
[0mGET /vendor/@angular/core/src/linker/dynamic_component_loader.js [36m304 [0m0.492 ms - -[0m
[0mGET /vendor/@angular/core/src/linker/element_ref.js [36m304 [0m0.993 ms - -[0m
[0mGET /vendor/@angular/core/src/linker/template_ref.js [36m304 [0m0.524 ms - -[0m
[0mGET /vendor/@angular/core/src/linker/view_ref.js [36m304 [0m0.563 ms - -[0m
[0mGET /vendor/@angular/core/src/linker/view_container_ref.js [36m304 [0m0.406 ms - -[0m
[0mGET /vendor/@angular/core/src/linker/component_factory.js [36m304 [0m0.366 ms - -[0m
[0mGET /vendor/@angular/core/src/linker/exceptions.js [36m304 [0m0.377 ms - -[0m
[0mGET /vendor/@angular/core/src/change_detection/change_detection.js [36m304 [0m0.419 ms - -[0m
[0mGET /vendor/@angular/core/src/reflection/reflector_reader.js [36m304 [0m0.880 ms - -[0m
[0mGET /vendor/@angular/core/src/linker/view_utils.js [36m304 [0m1.069 ms - -[0m
[0mGET /vendor/@angular/core/src/reflection/reflector.js [36m304 [0m1.095 ms - -[0m
[0mGET /vendor/@angular/core/src/reflection/reflection_capabilities.js [36m304 [0m0.561 ms - -[0m
[0mGET /vendor/@angular/core/src/profile/wtf_impl.js [36m304 [0m0.902 ms - -[0m
[0mGET /vendor/@angular/core/src/facade/promise.js [36m304 [0m1.445 ms - -[0m
[0mGET /vendor/rxjs/Subject.js [36m304 [0m1.532 ms - -[0m
[0mGET /vendor/rxjs/observable/PromiseObservable.js [36m304 [0m1.486 ms - -[0m
[0mGET /vendor/rxjs/operator/toPromise.js [36m304 [0m1.597 ms - -[0m
[0mGET /vendor/rxjs/Observable.js [36m304 [0m1.692 ms - -[0m
[0mGET /vendor/@angular/core/src/facade/base_wrapped_exception.js [36m304 [0m1.632 ms - -[0m
[0mGET /vendor/@angular/core/src/facade/exception_handler.js [36m304 [0m1.608 ms - -[0m
[0mGET /vendor/@angular/core/src/change_detection/constants.js [36m304 [0m1.156 ms - -[0m
[0mGET /vendor/@angular/core/src/security.js [36m304 [0m1.143 ms - -[0m
[0mGET /vendor/@angular/core/src/metadata/lifecycle_hooks.js [36m304 [0m0.763 ms - -[0m
[0mGET /vendor/@angular/core/src/linker/element.js [36m304 [0m0.740 ms - -[0m
[0mGET /vendor/@angular/core/src/linker/view.js [36m304 [0m0.635 ms - -[0m
[0mGET /vendor/@angular/core/src/linker/view_type.js [36m304 [0m0.509 ms - -[0m
[0mGET /vendor/@angular/core/src/linker/debug_context.js [36m304 [0m0.448 ms - -[0m
[0mGET /vendor/@angular/core/src/change_detection/change_detection_util.js [36m304 [0m0.731 ms - -[0m
[0mGET /vendor/@angular/core/src/profile/wtf_init.js [36m304 [0m0.377 ms - -[0m
[0mGET /vendor/@angular/core/src/debug/debug_renderer.js [36m304 [0m0.518 ms - -[0m
[0mGET /vendor/@angular/core/src/di/provider_util.js [36m304 [0m0.555 ms - -[0m
[0mGET /vendor/@angular/router/index.js [36m304 [0m0.211 ms - -[0m
[0mGET /app/+login/index.js [36m304 [0m0.534 ms - -[0m
[0mGET /app/+home/index.js [36m304 [0m0.694 ms - -[0m
[0mGET /app/+display/index.js [36m304 [0m0.428 ms - -[0m
[0mGET /app/+configure/index.js [36m304 [0m0.220 ms - -[0m
[0mGET /app/+add-score/index.js [36m304 [0m4.013 ms - -[0m
[0mGET /app/+lists/index.js [36m304 [0m2.568 ms - -[0m
[0mGET /app/shared/index.js [36m304 [0m2.400 ms - -[0m
[0mGET /vendor/@angular/compiler/compiler.js [36m304 [0m1.911 ms - -[0m
[0mGET /vendor/@angular/platform-browser-dynamic/src/facade/exceptions.js [36m304 [0m2.632 ms - -[0m
[0mGET /vendor/@angular/platform-browser-dynamic/src/facade/promise.js [36m304 [0m0.961 ms - -[0m
[0mGET /vendor/@angular/platform-browser/src/platform_browser.js [36m304 [0m2.247 ms - -[0m
[0mGET /vendor/@angular/core/src/zone/ng_zone_impl.js [36m304 [0m0.328 ms - -[0m
[0mGET /vendor/@angular/core/src/change_detection/differs/iterable_differs.js [36m304 [0m0.857 ms - -[0m
[0mGET /vendor/@angular/core/src/change_detection/differs/default_iterable_differ.js [36m304 [0m0.692 ms - -[0m
[0mGET /vendor/@angular/core/src/change_detection/differs/keyvalue_differs.js [36m304 [0m0.707 ms - -[0m
[0mGET /vendor/@angular/core/src/change_detection/differs/default_keyvalue_differ.js [36m304 [0m0.642 ms - -[0m
[0mGET /vendor/@angular/core/src/change_detection/change_detector_ref.js [36m304 [0m0.266 ms - -[0m
[0mGET /vendor/rxjs/Subscriber.js [36m304 [0m0.429 ms - -[0m
[0mGET /vendor/rxjs/Subscription.js [36m304 [0m0.264 ms - -[0m
[0mGET /vendor/rxjs/SubjectSubscription.js [36m304 [0m0.327 ms - -[0m
[0mGET /vendor/rxjs/symbol/rxSubscriber.js [36m304 [0m0.344 ms - -[0m
[0mGET /vendor/rxjs/util/throwError.js [36m304 [0m0.419 ms - -[0m
[0mGET /vendor/rxjs/util/ObjectUnsubscribedError.js [36m304 [0m0.586 ms - -[0m
[0mGET /vendor/rxjs/util/root.js [36m304 [0m0.274 ms - -[0m
[0mGET /vendor/rxjs/symbol/observable.js [36m304 [0m0.471 ms - -[0m
[0mGET /vendor/rxjs/util/toSubscriber.js [36m304 [0m0.351 ms - -[0m
[0mGET /vendor/@angular/core/src/linker/element_injector.js [36m304 [0m1.615 ms - -[0m
[0mGET /vendor/@angular/router/src/router.js [36m304 [0m0.407 ms - -[0m
[0mGET /vendor/@angular/router/src/segments.js [36m304 [0m3.933 ms - -[0m
[0mGET /vendor/@angular/router/src/metadata/decorators.js [36m304 [0m1.375 ms - -[0m
[0mGET /vendor/@angular/router/src/metadata/metadata.js [36m304 [0m1.646 ms - -[0m
[0mGET /vendor/@angular/router/src/router_url_serializer.js [36m304 [0m0.766 ms - -[0m
[0mGET /vendor/@angular/router/src/router_providers.js [36m304 [0m0.643 ms - -[0m
[0mGET /vendor/@angular/router/src/directives/router_outlet.js [36m304 [0m0.287 ms - -[0m
[0mGET /vendor/@angular/router/src/directives/router_link.js [36m304 [0m0.498 ms - -[0m
[0mGET /app/+login/login.component.js [36m304 [0m0.461 ms - -[0m
[0mGET /app/+home/home.component.js [36m304 [0m0.826 ms - -[0m
[0mGET /app/+display/display.component.js [36m304 [0m1.373 ms - -[0m
[0mGET /app/+configure/configure.component.js [36m304 [0m1.832 ms - -[0m
[0mGET /app/+add-score/add-score.component.js [36m304 [0m2.076 ms - -[0m
[0mGET /app/+lists/lists.component.js [36m304 [0m0.294 ms - -[0m
[0mGET /app/shared/services/teams.service.js [36m304 [0m0.481 ms - -[0m
[0mGET /app/shared/services/discipline.service.js [36m304 [0m0.271 ms - -[0m
[0mGET /app/shared/fontawesome/fa.component.js [36m304 [0m0.869 ms - -[0m
[0mGET /app/shared/dialog/dialog.component.js [36m304 [0m0.926 ms - -[0m
[0mGET /app/shared/fontawesome/fa-stack.component.js [36m304 [0m0.989 ms - -[0m
[0mGET /vendor/@angular/compiler/src/schema/element_schema_registry.js [36m304 [0m0.423 ms - -[0m
[0mGET /vendor/@angular/compiler/src/compiler.js [36m304 [0m0.314 ms - -[0m
[0mGET /vendor/@angular/compiler/src/template_ast.js [36m304 [0m2.553 ms - -[0m
[0mGET /vendor/@angular/compiler/private_export.js [36m304 [0m0.771 ms - -[0m
[0mGET /vendor/@angular/platform-browser-dynamic/src/facade/base_wrapped_exception.js [36m304 [0m0.782 ms - -[0m
[0mGET /vendor/@angular/platform-browser-dynamic/src/facade/exception_handler.js [36m304 [0m0.310 ms - -[0m
[0mGET /vendor/@angular/platform-browser/src/facade/lang.js [36m304 [0m0.338 ms - -[0m
[0mGET /vendor/@angular/platform-browser/src/browser_common.js [36m304 [0m0.469 ms - -[0m
[0mGET /vendor/@angular/platform-browser/src/dom/events/dom_events.js [36m304 [0m0.352 ms - -[0m
[0mGET /vendor/@angular/platform-browser/src/dom/events/event_manager.js [36m304 [0m0.929 ms - -[0m
[0mGET /vendor/@angular/platform-browser/src/dom/debug/ng_probe.js [36m304 [0m0.863 ms - -[0m
[0mGET /vendor/@angular/platform-browser/private_export.js [36m304 [0m0.843 ms - -[0m
[0mGET /vendor/@angular/platform-browser/src/dom/dom_tokens.js [36m304 [0m0.457 ms - -[0m
[0mGET /vendor/@angular/platform-browser/src/security/dom_sanitization_service.js [36m304 [0m0.266 ms - -[0m
[0mGET /vendor/@angular/platform-browser/src/platform_browser_static.js [36m304 [0m0.434 ms - -[0m
[0mGET /vendor/rxjs/util/isFunction.js [36m304 [0m0.369 ms - -[0m
[0mGET /vendor/rxjs/Observer.js [36m304 [0m0.479 ms - -[0m
[0mGET /vendor/rxjs/util/isArray.js [36m304 [0m0.352 ms - -[0m
[0mGET /vendor/rxjs/util/isObject.js [36m304 [0m0.470 ms - -[0m
[0mGET /vendor/rxjs/util/tryCatch.js [36m304 [0m0.531 ms - -[0m
[0mGET /vendor/rxjs/util/errorObject.js [36m304 [0m0.441 ms - -[0m
[0mGET /vendor/rxjs/util/UnsubscriptionError.js [36m304 [0m0.691 ms - -[0m
[0mGET /vendor/@angular/router/src/facade/lang.js [36m304 [0m0.567 ms - -[0m
[0mGET /vendor/@angular/router/src/facade/collection.js [36m304 [0m0.500 ms - -[0m
[0mGET /vendor/@angular/router/src/facade/async.js [36m304 [0m4.899 ms - -[0m
[0mGET /vendor/@angular/router/src/recognize.js [36m304 [0m2.007 ms - -[0m
[0mGET /vendor/@angular/router/src/link.js [36m304 [0m1.736 ms - -[0m
[0mGET /vendor/@angular/router/src/lifecycle_reflector.js [36m304 [0m1.689 ms - -[0m
[0mGET /vendor/@angular/router/src/constants.js [36m304 [0m0.597 ms - -[0m
[0mGET /vendor/@angular/router/src/core_private.js [36m304 [0m0.361 ms - -[0m
[0mGET /vendor/@angular/router/src/router_providers_common.js [36m304 [0m0.369 ms - -[0m
[0mGET /vendor/@angular/common/index.js [36m304 [0m0.441 ms - -[0m
[0mGET /app/+configure/+divisions/index.js [36m304 [0m0.317 ms - -[0m
[0mGET /app/+configure/+score/index.js [36m304 [0m0.901 ms - -[0m
[0mGET /app/+configure/+tournament/index.js [36m304 [0m0.840 ms - -[0m
[0mGET /app/+configure/+teams/index.js [36m304 [0m1.327 ms - -[0m
[0mGET /app/+configure/+display/index.js [36m304 [0m0.643 ms - -[0m
[0mGET /app/+configure/+advanced/index.js [36m304 [0m0.597 ms - -[0m
[0mGET /app/+add-score/scoreboard/index.js [36m304 [0m0.212 ms - -[0m
[0mGET /app/+add-score/setup.service.js [36m304 [0m0.373 ms - -[0m
[0mGET /app/+lists/+start/index.js [36m304 [0m0.417 ms - -[0m
[0mGET /app/+lists/+results/index.js [36m304 [0m0.206 ms - -[0m
[0mGET /vendor/@angular/compiler/src/facade/lang.js [36m304 [0m0.309 ms - -[0m
[0mGET /vendor/@angular/compiler/src/template_parser.js [36m304 [0m0.325 ms - -[0m
[0mGET /vendor/@angular/compiler/src/config.js [36m304 [0m0.538 ms - -[0m
[0mGET /vendor/@angular/compiler/src/compile_metadata.js [36m304 [0m0.670 ms - -[0m
[0mGET /vendor/@angular/compiler/src/offline_compiler.js [36m304 [0m0.347 ms - -[0m
[0mGET /vendor/@angular/compiler/src/runtime_compiler.js [36m304 [0m0.910 ms - -[0m
[0mGET /vendor/@angular/compiler/src/url_resolver.js [36m304 [0m0.741 ms - -[0m
[0mGET /vendor/@angular/compiler/src/xhr.js [36m304 [0m0.728 ms - -[0m
[0mGET /vendor/@angular/compiler/src/view_resolver.js [36m304 [0m0.379 ms - -[0m
[0mGET /vendor/@angular/compiler/src/directive_resolver.js [36m304 [0m0.338 ms - -[0m
[0mGET /vendor/@angular/compiler/src/pipe_resolver.js [36m304 [0m0.408 ms - -[0m
[0mGET /vendor/@angular/compiler/src/html_parser.js [36m304 [0m1.004 ms - -[0m
[0mGET /vendor/@angular/compiler/src/directive_normalizer.js [36m304 [0m0.984 ms - -[0m
[0mGET /vendor/@angular/compiler/src/metadata_resolver.js [36m304 [0m0.747 ms - -[0m
[0mGET /vendor/@angular/compiler/src/style_compiler.js [36m304 [0m0.256 ms - -[0m
[0mGET /vendor/@angular/compiler/src/view_compiler/view_compiler.js [36m304 [0m0.376 ms - -[0m
[0mGET /vendor/@angular/compiler/src/schema/dom_element_schema_registry.js [36m304 [0m0.366 ms - -[0m
[0mGET /vendor/@angular/compiler/src/expression_parser/parser.js [36m304 [0m0.648 ms - -[0m
[0mGET /vendor/@angular/compiler/src/expression_parser/lexer.js [36m304 [0m0.304 ms - -[0m
[0mGET /vendor/@angular/compiler/src/selector.js [36m304 [0m0.355 ms - -[0m
[0mGET /vendor/@angular/compiler/src/output/path_util.js [36m304 [0m0.328 ms - -[0m
[0mGET /vendor/@angular/platform-browser-dynamic/src/facade/collection.js [36m304 [0m0.317 ms - -[0m
[0mGET /vendor/@angular/platform-browser/core_private.js [36m304 [0m0.885 ms - -[0m
[0mGET /vendor/@angular/platform-browser/src/browser/browser_adapter.js [36m304 [0m0.680 ms - -[0m
[0mGET /vendor/@angular/platform-browser/src/browser/testability.js [36m304 [0m0.739 ms - -[0m
[0mGET /vendor/@angular/platform-browser/src/dom/dom_adapter.js [36m304 [0m1.048 ms - -[0m
[0mGET /vendor/@angular/platform-browser/src/dom/dom_renderer.js [36m304 [0m2.598 ms - -[0m
[0mGET /vendor/@angular/platform-browser/src/dom/shared_styles_host.js [36m304 [0m1.329 ms - -[0m
[0mGET /vendor/@angular/platform-browser/src/dom/events/key_events.js [36m304 [0m0.743 ms - -[0m
[0mGET /vendor/@angular/platform-browser/src/dom/events/hammer_gestures.js [36m304 [0m1.389 ms - -[0m
[0mGET /vendor/@angular/platform-browser/src/animate/animation_builder.js [36m304 [0m0.912 ms - -[0m
[0mGET /vendor/@angular/platform-browser/src/animate/browser_details.js [36m304 [0m0.880 ms - -[0m
[0mGET /vendor/@angular/platform-browser/src/browser/title.js [36m304 [0m0.416 ms - -[0m
[0mGET /vendor/@angular/platform-browser/src/browser/tools/tools.js [36m304 [0m0.317 ms - -[0m
[0mGET /vendor/@angular/platform-browser/src/dom/debug/by.js [36m304 [0m0.462 ms - -[0m
[0mGET /vendor/@angular/platform-browser/src/facade/exceptions.js [36m304 [0m2.268 ms - -[0m
[0mGET /vendor/@angular/platform-browser/src/facade/collection.js [36m304 [0m2.125 ms - -[0m
[0mGET /vendor/@angular/platform-browser/src/animate/css_animation_builder.js [36m304 [0m2.144 ms - -[0m
[0mGET /vendor/@angular/platform-browser/src/animate/css_animation_options.js [36m304 [0m0.389 ms - -[0m
[0mGET /vendor/@angular/platform-browser/src/animate/animation.js [36m304 [0m0.697 ms - -[0m
[0mGET /vendor/@angular/platform-browser/src/security/url_sanitizer.js [36m304 [0m0.312 ms - -[0m
[0mGET /vendor/@angular/platform-browser/src/security/style_sanitizer.js [36m304 [0m0.600 ms - -[0m
[0mGET /vendor/@angular/platform-browser/src/browser/location/browser_platform_location.js [36m304 [0m0.740 ms - -[0m
[0mGET /vendor/@angular/router/src/facade/promise.js [36m304 [0m0.260 ms - -[0m
[0mGET /vendor/@angular/router/src/facade/exceptions.js [36m304 [0m0.531 ms - -[0m
[0mGET /vendor/@angular/common/src/pipes.js [36m304 [0m0.831 ms - -[0m
[0mGET /vendor/@angular/common/src/directives.js [36m304 [0m0.710 ms - -[0m
[0mGET /vendor/@angular/common/src/forms.js [36m304 [0m0.317 ms - -[0m
[0mGET /vendor/@angular/common/src/common_directives.js [36m304 [0m2.336 ms - -[0m
[0mGET /vendor/@angular/common/src/location.js [36m304 [0m0.733 ms - -[0m
[0mGET /app/+configure/+divisions/divisions.component.js [36m304 [0m0.371 ms - -[0m
[0mGET /app/+configure/+score/score.component.js [36m304 [0m0.792 ms - -[0m
[0mGET /app/+configure/+tournament/tournament.component.js [36m304 [0m0.400 ms - -[0m
[0mGET /app/+configure/+teams/teams.component.js [36m304 [0m0.372 ms - -[0m
[0mGET /app/+configure/+display/display.component.js [36m304 [0m0.852 ms - -[0m
[0mGET /app/+configure/+advanced/advanced.component.js [36m304 [0m0.637 ms - -[0m
[0mGET /app/+add-score/scoreboard/scoreboard.component.js [36m304 [0m0.313 ms - -[0m
[0mGET /app/+add-score/scoreboard/score-group.component.js [36m304 [0m0.346 ms - -[0m
[0mGET /app/+add-score/scoreboard/score.component.js [36m304 [0m0.725 ms - -[0m
[0mGET /app/+lists/+start/start.component.js [36m304 [0m0.355 ms - -[0m
[0mGET /app/+lists/+results/results.component.js [36m304 [0m0.515 ms - -[0m
[0mGET /vendor/@angular/compiler/src/facade/exceptions.js [36m304 [0m0.346 ms - -[0m
[0mGET /vendor/@angular/compiler/src/identifiers.js [36m304 [0m0.322 ms - -[0m
[0mGET /vendor/@angular/compiler/core_private.js [36m304 [0m0.314 ms - -[0m
[0mGET /vendor/@angular/compiler/src/facade/collection.js [36m304 [0m0.333 ms - -[0m
[0mGET /vendor/@angular/compiler/src/expression_parser/ast.js [36m304 [0m0.576 ms - -[0m
[0mGET /vendor/@angular/compiler/src/html_tags.js [36m304 [0m0.799 ms - -[0m
[0mGET /vendor/@angular/compiler/src/parse_util.js [36m304 [0m0.527 ms - -[0m
[0mGET /vendor/@angular/compiler/src/template_preparser.js [36m304 [0m0.290 ms - -[0m
[0mGET /vendor/@angular/compiler/src/style_url_resolver.js [36m304 [0m0.264 ms - -[0m
[0mGET /vendor/@angular/compiler/src/html_ast.js [36m304 [0m0.310 ms - -[0m
[0mGET /vendor/@angular/compiler/src/util.js [36m304 [0m2.434 ms - -[0m
[0mGET /vendor/@angular/compiler/src/provider_parser.js [36m304 [0m0.793 ms - -[0m
[0mGET /vendor/@angular/compiler/src/output/output_ast.js [36m304 [0m0.587 ms - -[0m
[0mGET /vendor/@angular/compiler/src/facade/async.js [36m304 [0m1.034 ms - -[0m
[0mGET /vendor/@angular/compiler/src/output/output_jit.js [36m304 [0m0.812 ms - -[0m
[0mGET /vendor/@angular/compiler/src/output/output_interpreter.js [36m304 [0m1.209 ms - -[0m
[0mGET /vendor/@angular/compiler/src/output/interpretive_view.js [36m304 [0m2.136 ms - -[0m
[0mGET /vendor/@angular/compiler/src/html_lexer.js [36m304 [0m0.424 ms - -[0m
[0mGET /vendor/@angular/compiler/src/directive_lifecycle_reflector.js [36m304 [0m0.854 ms - -[0m
[0mGET /vendor/@angular/compiler/src/assertions.js [36m304 [0m0.768 ms - -[0m
[0mGET /vendor/@angular/compiler/src/shadow_css.js [36m304 [0m0.266 ms - -[0m
[0mGET /vendor/@angular/compiler/src/view_compiler/compile_element.js [36m304 [0m0.356 ms - -[0m
[0mGET /vendor/@angular/compiler/src/view_compiler/compile_view.js [36m304 [0m0.303 ms - -[0m
[0mGET /vendor/@angular/compiler/src/view_compiler/view_builder.js [36m304 [0m0.833 ms - -[0m
[0mGET /vendor/@angular/platform-browser/src/browser/generic_browser_adapter.js [36m304 [0m0.683 ms - -[0m
[0mGET /vendor/@angular/compiler/src/view_compiler/view_binder.js [36m304 [0m0.626 ms - -[0m
[0mGET /vendor/@angular/platform-browser/src/dom/util.js [36m304 [0m0.411 ms - -[0m
[0mGET /vendor/@angular/platform-browser/src/dom/events/hammer_common.js [36m304 [0m0.487 ms - -[0m
[0mGET /vendor/@angular/platform-browser/src/facade/math.js [36m304 [0m0.317 ms - -[0m
[0mGET /vendor/@angular/platform-browser/src/browser/tools/common_tools.js [36m304 [0m0.309 ms - -[0m
[0mGET /vendor/@angular/platform-browser/src/facade/base_wrapped_exception.js [36m304 [0m0.441 ms - -[0m
[0mGET /vendor/@angular/platform-browser/src/facade/exception_handler.js [36m304 [0m0.827 ms - -[0m
[0mGET /vendor/@angular/router/src/facade/base_wrapped_exception.js [36m304 [0m2.663 ms - -[0m
[0mGET /vendor/@angular/router/src/facade/exception_handler.js [36m304 [0m0.692 ms - -[0m
[0mGET /vendor/@angular/common/src/pipes/async_pipe.js [36m304 [0m0.525 ms - -[0m
[0mGET /vendor/@angular/common/src/pipes/date_pipe.js [36m304 [0m0.760 ms - -[0m
[0mGET /vendor/@angular/common/src/pipes/json_pipe.js [36m304 [0m0.588 ms - -[0m
[0mGET /vendor/@angular/common/src/pipes/slice_pipe.js [36m304 [0m0.593 ms - -[0m
[0mGET /vendor/@angular/common/src/pipes/lowercase_pipe.js [36m304 [0m0.562 ms - -[0m
[0mGET /vendor/@angular/common/src/pipes/number_pipe.js [36m304 [0m0.592 ms - -[0m
[0mGET /vendor/@angular/common/src/pipes/uppercase_pipe.js [36m304 [0m0.270 ms - -[0m
[0mGET /vendor/@angular/common/src/pipes/replace_pipe.js [36m304 [0m0.216 ms - -[0m
[0mGET /vendor/@angular/common/src/pipes/i18n_plural_pipe.js [36m304 [0m0.348 ms - -[0m
[0mGET /vendor/@angular/common/src/pipes/i18n_select_pipe.js [36m304 [0m0.350 ms - -[0m
[0mGET /vendor/@angular/common/src/pipes/common_pipes.js [36m304 [0m0.382 ms - -[0m
[0mGET /vendor/@angular/common/src/directives/ng_class.js [36m304 [0m0.555 ms - -[0m
[0mGET /vendor/@angular/common/src/directives/ng_for.js [36m304 [0m0.550 ms - -[0m
[0mGET /vendor/@angular/common/src/directives/ng_if.js [36m304 [0m0.493 ms - -[0m
[0mGET /vendor/@angular/common/src/directives/ng_template_outlet.js [36m304 [0m0.358 ms - -[0m
[0mGET /vendor/@angular/common/src/directives/ng_style.js [36m304 [0m0.471 ms - -[0m
[0mGET /vendor/@angular/common/src/directives/ng_switch.js [36m304 [0m0.627 ms - -[0m
[0mGET /vendor/@angular/common/src/directives/ng_plural.js [36m304 [0m0.931 ms - -[0m
[0mGET /vendor/@angular/common/src/directives/observable_list_diff.js [36m304 [0m0.776 ms - -[0m
[0mGET /vendor/@angular/common/src/directives/core_directives.js [36m304 [0m0.663 ms - -[0m
[0mGET /vendor/@angular/common/src/forms/model.js [36m304 [0m2.771 ms - -[0m
[0mGET /vendor/@angular/common/src/forms/directives/abstract_control_directive.js [36m304 [0m1.361 ms - -[0m
[0mGET /vendor/@angular/common/src/forms/directives/control_container.js [36m304 [0m1.079 ms - -[0m
[0mGET /vendor/@angular/common/src/forms/directives/ng_control_name.js [36m304 [0m0.887 ms - -[0m
[0mGET /vendor/@angular/common/src/forms/directives/ng_form_control.js [36m304 [0m1.100 ms - -[0m
[0mGET /vendor/@angular/common/src/forms/directives/ng_model.js [36m304 [0m0.400 ms - -[0m
[0mGET /vendor/@angular/common/src/forms/directives/ng_control.js [36m304 [0m0.253 ms - -[0m
[0mGET /vendor/@angular/common/src/forms/directives/ng_control_group.js [36m304 [0m0.905 ms - -[0m
[0mGET /vendor/@angular/common/src/forms/directives/ng_form_model.js [36m304 [0m0.801 ms - -[0m
[0mGET /vendor/@angular/common/src/forms/directives/ng_form.js [36m304 [0m1.181 ms - -[0m
[0mGET /vendor/@angular/common/src/forms/directives/control_value_accessor.js [36m304 [0m0.968 ms - -[0m
[0mGET /vendor/@angular/common/src/forms/directives/default_value_accessor.js [36m304 [0m0.886 ms - -[0m
[0mGET /vendor/@angular/common/src/forms/directives/ng_control_status.js [36m304 [0m1.231 ms - -[0m
[0mGET /vendor/@angular/common/src/forms/directives/checkbox_value_accessor.js [36m304 [0m0.753 ms - -[0m
[0mGET /vendor/@angular/common/src/forms/directives/select_control_value_accessor.js [36m304 [0m0.902 ms - -[0m
[0mGET /vendor/@angular/common/src/forms/directives.js [36m304 [0m0.318 ms - -[0m
[0mGET /vendor/@angular/common/src/forms/validators.js [36m304 [0m0.186 ms - -[0m
[0mGET /vendor/@angular/common/src/forms/directives/validators.js [36m304 [0m0.327 ms - -[0m
[0mGET /vendor/@angular/common/src/forms/form_builder.js [36m304 [0m0.311 ms - -[0m
[0mGET /vendor/@angular/common/src/forms/directives/radio_control_value_accessor.js [36m304 [0m1.342 ms - -[0m
[0mGET /vendor/@angular/common/src/location/platform_location.js [36m304 [0m0.969 ms - -[0m
[0mGET /vendor/@angular/common/src/location/location_strategy.js [36m304 [0m3.532 ms - -[0m
[0mGET /vendor/@angular/common/src/location/hash_location_strategy.js [36m304 [0m2.851 ms - -[0m
[0mGET /vendor/@angular/common/src/location/path_location_strategy.js [36m304 [0m1.174 ms - -[0m
[0mGET /vendor/@angular/common/src/location/location.js [36m304 [0m1.287 ms - -[0m
[0mGET /app/+configure/+display/macro-dialog/index.js [36m304 [0m1.062 ms - -[0m
[0mGET /vendor/@angular/compiler/src/facade/base_wrapped_exception.js [36m304 [0m1.090 ms - -[0m
[0mGET /vendor/@angular/compiler/src/facade/exception_handler.js [36m304 [0m0.426 ms - -[0m
[0mGET /vendor/@angular/compiler/src/facade/promise.js [36m304 [0m0.369 ms - -[0m
[0mGET /vendor/@angular/compiler/src/output/abstract_emitter.js [36m304 [0m0.304 ms - -[0m
[0mGET /vendor/@angular/compiler/src/output/abstract_js_emitter.js [36m304 [0m0.352 ms - -[0m
[0mGET /vendor/@angular/compiler/src/output/dart_emitter.js [36m304 [0m0.471 ms - -[0m
[0mGET /vendor/@angular/compiler/src/output/ts_emitter.js [36m304 [0m0.277 ms - -[0m
[0mGET /vendor/@angular/compiler/src/view_compiler/constants.js [36m304 [0m0.930 ms - -[0m
[0mGET /vendor/@angular/compiler/src/view_compiler/util.js [36m304 [0m0.828 ms - -[0m
[0mGET /vendor/@angular/compiler/src/view_compiler/compile_query.js [36m304 [0m0.803 ms - -[0m
[0mGET /vendor/@angular/compiler/src/view_compiler/compile_method.js [36m304 [0m0.952 ms - -[0m
[0mGET /vendor/@angular/compiler/src/view_compiler/compile_pipe.js [36m304 [0m0.327 ms - -[0m
[0mGET /vendor/@angular/compiler/src/view_compiler/property_binder.js [36m304 [0m0.448 ms - -[0m
[0mGET /vendor/@angular/compiler/src/view_compiler/event_binder.js [36m304 [0m0.281 ms - -[0m
[0mGET /vendor/@angular/compiler/src/view_compiler/lifecycle_binder.js [36m304 [0m0.240 ms - -[0m
[0mGET /vendor/@angular/platform-browser/src/facade/browser.js [36m304 [0m0.298 ms - -[0m
[0mGET /vendor/@angular/common/src/facade/lang.js [36m304 [0m0.293 ms - -[0m
[0mGET /vendor/@angular/common/src/facade/async.js [36m304 [0m0.378 ms - -[0m
[0mGET /vendor/@angular/common/src/pipes/invalid_pipe_argument_exception.js [36m304 [0m2.123 ms - -[0m
[0mGET /vendor/@angular/common/src/facade/intl.js [36m304 [0m0.309 ms - -[0m
[0mGET /vendor/@angular/common/src/facade/collection.js [36m304 [0m0.558 ms - -[0m
[0mGET /vendor/@angular/common/src/facade/exceptions.js [36m304 [0m0.403 ms - -[0m
[0mGET /vendor/@angular/common/src/facade/promise.js [36m304 [0m0.399 ms - -[0m
[0mGET /vendor/@angular/common/src/forms/directives/shared.js [36m304 [0m0.245 ms - -[0m
[0mGET /vendor/@angular/common/src/forms/directives/number_value_accessor.js [36m304 [0m0.360 ms - -[0m
[0mGET /app/+configure/+display/macro-dialog/macro-dialog.component.js [36m304 [0m0.251 ms - -[0m
[0mGET /vendor/@angular/compiler/src/view_compiler/expression_converter.js [36m304 [0m0.352 ms - -[0m
[0mGET /vendor/@angular/compiler/src/view_compiler/compile_binding.js [36m304 [0m0.337 ms - -[0m
[0mGET /vendor/@angular/common/src/facade/base_wrapped_exception.js [36m304 [0m0.262 ms - -[0m
[0mGET /vendor/@angular/common/src/facade/exception_handler.js [36m304 [0m0.389 ms - -[0m
[0mGET /vendor/@angular/common/src/forms/directives/normalize_validator.js [36m304 [0m0.260 ms - -[0m
[0mGET /app/gymsystems.component.html [36m304 [0m0.303 ms - -[0m
[0mGET /app/gymsystems.component.css [36m304 [0m0.292 ms - -[0m
[0mGET /app/shared/fontawesome/fontawesome.css [36m304 [0m0.298 ms - -[0m
[0mGET /images/NGTF_logo_farger.png [36m304 [0m0.433 ms - -[0m
[0mGET /images/HTF_Logo.png [36m304 [0m0.202 ms - -[0m
[0mGET /app/+home/home.component.html [36m304 [0m0.568 ms - -[0m
[0mGET /fonts/fontawesome-webfont.woff2?v=4.6.3 [36m304 [0m0.768 ms - -[0m
[0mGET /app/+home/home.component.css [36m304 [0m1.124 ms - -[0m
